2014-11-08 20:00:01.912+0000 INFO  [org.neo4j]: You are using an unsupported version of the Java runtime. Please use Oracle(R) Java(TM) Runtime Environment 7 or OpenJDK(TM) 7.
2014-11-08 20:00:01.991+0000 INFO  [org.neo4j]: No locking implementation specified, defaulting to 'community'
2014-11-08 20:00:02.129+0000 INFO  [org.neo4j]: --- INITIALIZED diagnostics START ---
2014-11-08 20:00:02.132+0000 INFO  [org.neo4j]: Neo4j Kernel properties:
    neostore.propertystore.db.strings.mapped_memory=188M
    ephemeral=false
    neostore.nodestore.db.mapped_memory=61M
    store_dir=neo4j-shortest-path
    neostore.propertystore.db.arrays.mapped_memory=213M
    neostore.propertystore.db.mapped_memory=221M
    neostore.relationshipstore.db.mapped_memory=271M
2014-11-08 20:00:02.139+0000 INFO  [org.neo4j]: Diagnostics providers:
    org.neo4j.kernel.configuration.Config
    org.neo4j.kernel.info.DiagnosticsManager
    SYSTEM_MEMORY
    JAVA_MEMORY
    OPERATING_SYSTEM
    JAVA_VIRTUAL_MACHINE
    CLASSPATH
    LIBRARY_PATH
    SYSTEM_PROPERTIES
    NETWORK
2014-11-08 20:00:02.140+0000 INFO  [org.neo4j]: System memory information:
    Total Physical memory: 15.89 GB
    Free Physical memory: 11.07 GB
    Committed virtual memory: 463.28 MB
    Total swap space: 31.77 GB
    Free swap space: 25.54 GB
2014-11-08 20:00:02.152+0000 INFO  [org.neo4j]: JVM memory information:
    Free  memory: 254.31 MB
    Total memory: 259.50 MB
    Max   memory: 3.53 GB
    Garbage Collector: PS Scavenge: [PS Eden Space, PS Survivor Space]
    Garbage Collector: PS MarkSweep: [PS Eden Space, PS Survivor Space, PS Old Gen]
    Memory Pool: Code Cache (Non-heap memory): committed=2.44 MB, used=2.23 MB, max=240.00 MB, threshold=0.00 B
    Memory Pool: Metaspace (Non-heap memory): committed=6.63 MB, used=6.27 MB, max=-1.00 B, threshold=0.00 B
    Memory Pool: Compressed Class Space (Non-heap memory): committed=896.00 kB, used=838.91 kB, max=1.00 GB, threshold=0.00 B
    Memory Pool: PS Eden Space (Heap memory): committed=3.50 MB, used=3.01 MB, max=1.32 GB, threshold=?
    Memory Pool: PS Survivor Space (Heap memory): committed=1.50 MB, used=1.14 MB, max=1.50 MB, threshold=?
    Memory Pool: PS Old Gen (Heap memory): committed=254.50 MB, used=1.10 MB, max=2.65 GB, threshold=0.00 B
2014-11-08 20:00:02.162+0000 INFO  [org.neo4j]: Operating system information:
    Operating System: Windows 7; version: 6.1; arch: amd64; cpus: 8
    Process id: 752@Alejo-PC
    Byte order: LITTLE_ENDIAN
    Local timezone: America/Regina
2014-11-08 20:00:02.186+0000 INFO  [org.neo4j]: JVM information:
    VM Name: Java HotSpot(TM) 64-Bit Server VM
    VM Vendor: Oracle Corporation
    VM Version: 25.5-b02
    JIT compiler: HotSpot 64-Bit Tiered Compilers
    VM Arguments: [-Dfile.encoding=UTF-8]
2014-11-08 20:00:02.187+0000 INFO  [org.neo4j]: Java classpath:
     [classpath] C:\Users\Alejo\Documents\4to Semestre\Algoritmos\Neo4j\lib\neo4j-primitive-collections-2.1.4.jar
     [loader.0] file:/C:/Users/Alejo/Documents/4to%20Semestre/Algoritmos/Neo4j/lib/neo4j-jmx-2.1.4.jar
     [loader.1] file:/C:/Program%20Files/Java/jdk1.8.0_05/jre/lib/ext/sunmscapi.jar
     [bootstrap] C:\Program Files\Java\jdk1.8.0_05\jre\lib\charsets.jar
     [loader.0] file:/C:/Users/Alejo/Documents/4to%20Semestre/Algoritmos/Neo4j/lib/neo4j-cypher-compiler-2.1-2.1.4.jar
     [classpath] C:\Users\Alejo\Documents\4to Semestre\Algoritmos\Neo4j\lib\neo4j-lucene-index-2.1.4.jar
     [loader.1] file:/C:/Program%20Files/Java/jdk1.8.0_05/jre/lib/ext/localedata.jar
     [loader.0] file:/C:/Users/Alejo/Documents/4to%20Semestre/Algoritmos/Neo4j/lib/parboiled-scala_2.10-1.1.6.jar
     [classpath] C:\Users\Alejo\Documents\4to Semestre\Algoritmos\Neo4j\lib\org.apache.servicemix.bundles.jline-0.9.94_1.jar
     [loader.0] file:/C:/Users/Alejo/Documents/4to%20Semestre/Algoritmos/PROYECTO2/Proyecto%202/build/classes/
     [classpath] C:\Users\Alejo\Documents\4to Semestre\Algoritmos\Neo4j\mas\neo4j-kernel-2.1.5-javadoc.jar
     [loader.0] file:/C:/Users/Alejo/Documents/4to%20Semestre/Algoritmos/Neo4j/mas/neo4j-kernel-2.1.5.jar
     [bootstrap] C:\Program Files\Java\jdk1.8.0_05\jre\classes
     [loader.0] file:/C:/Users/Alejo/Documents/4to%20Semestre/Algoritmos/Neo4j/lib/parboiled-core-1.1.6.jar
     [bootstrap] C:\Program Files\Java\jdk1.8.0_05\jre\lib\resources.jar
     [loader.0] file:/C:/Program%20Files/NetBeans%208.0/platform/modules/ext/junit-4.10.jar
     [classpath] C:\Users\Alejo\Documents\4to Semestre\Algoritmos\Neo4j\lib\neo4j-cypher-2.1.4.jar
     [bootstrap] C:\Program Files\Java\jdk1.8.0_05\jre\lib\rt.jar
     [loader.0] file:/C:/Users/Alejo/Documents/4to%20Semestre/Algoritmos/Neo4j/lib/neo4j-graph-algo-2.1.4.jar
     [loader.1] file:/C:/Program%20Files/Java/jdk1.8.0_05/jre/lib/ext/cldrdata.jar
     [classpath] C:\Users\Alejo\Documents\4to Semestre\Algoritmos\Neo4j\lib\neo4j-kernel-2.1.4.jar
     [classpath] C:\Users\Alejo\Documents\4to Semestre\Algoritmos\Neo4j\lib\neo4j-cypher-commons-2.1.4.jar
     [loader.0] file:/C:/Users/Alejo/Documents/4to%20Semestre/Algoritmos/Neo4j/mas/neo4j-kernel-2.1.5-tests.jar
     [classpath] C:\Users\Alejo\Documents\4to Semestre\Algoritmos\Neo4j\lib\server-api-2.1.4.jar
     [classpath] C:\Users\Alejo\Documents\4to Semestre\Algoritmos\Neo4j\lib\neo4j-graph-algo-2.1.4.jar
     [classpath] C:\Users\Alejo\Documents\4to Semestre\Algoritmos\Neo4j\lib\parboiled-scala_2.10-1.1.6.jar
     [loader.0] file:/C:/Users/Alejo/Documents/4to%20Semestre/Algoritmos/Neo4j/lib/neo4j-primitive-collections-2.1.4.jar
     [loader.1] file:/C:/Program%20Files/Java/jdk1.8.0_05/jre/lib/ext/jfxrt.jar
     [loader.1] file:/C:/Program%20Files/Java/jdk1.8.0_05/jre/lib/ext/zipfs.jar
     [classpath] C:\Users\Alejo\Documents\4to Semestre\Algoritmos\Neo4j\lib\neo4j-shell-2.1.4.jar
     [bootstrap] C:\Program Files\Java\jdk1.8.0_05\jre\lib\jsse.jar
     [loader.1] file:/C:/Program%20Files/Java/jdk1.8.0_05/jre/lib/ext/sunec.jar
     [loader.0] file:/C:/Users/Alejo/Documents/4to%20Semestre/Algoritmos/Neo4j/mas/neo4j-kernel-2.1.5-javadoc.jar
     [classpath] C:\Users\Alejo\Documents\4to Semestre\Algoritmos\PROYECTO2\Proyecto 2\build\classes
     [classpath] C:\Users\Alejo\Documents\4to Semestre\Algoritmos\Neo4j\lib\neo4j-cypher-compiler-2.0-2.0.3.jar
     [loader.1] file:/C:/Program%20Files/Java/jdk1.8.0_05/jre/lib/ext/sunjce_provider.jar
     [loader.0] file:/C:/Users/Alejo/Documents/4to%20Semestre/Algoritmos/Neo4j/lib/lucene-core-3.6.2.jar
     [loader.0] file:/C:/Users/Alejo/Documents/4to%20Semestre/Algoritmos/Neo4j/lib/org.apache.servicemix.bundles.jline-0.9.94_1.jar
     [classpath] C:\Users\Alejo\Documents\4to Semestre\Algoritmos\Neo4j\mas\neo4j-kernel-2.1.5.jar
     [loader.0] file:/C:/Users/Alejo/Documents/4to%20Semestre/Algoritmos/Neo4j/lib/neo4j-cypher-compiler-1.9-2.0.3.jar
     [bootstrap] C:\Program Files\Java\jdk1.8.0_05\jre\lib\jce.jar
     [classpath] C:\Users\Alejo\Documents\4to Semestre\Algoritmos\Neo4j\lib\neo4j-cypher-compiler-2.1-2.1.4.jar
     [loader.0] file:/C:/Users/Alejo/Documents/4to%20Semestre/Algoritmos/Neo4j/lib/concurrentlinkedhashmap-lru-1.3.1.jar
     [loader.0] file:/C:/Users/Alejo/Documents/4to%20Semestre/Algoritmos/Neo4j/lib/neo4j-udc-2.1.4.jar
     [loader.1] file:/C:/Program%20Files/Java/jdk1.8.0_05/jre/lib/ext/dnsns.jar
     [loader.1] file:/C:/Program%20Files/Java/jdk1.8.0_05/jre/lib/ext/sunpkcs11.jar
     [bootstrap] C:\Program Files\Java\jdk1.8.0_05\jre\lib\sunrsasign.jar
     [loader.0] file:/C:/Users/Alejo/Documents/4to%20Semestre/Algoritmos/Neo4j/lib/neo4j-cypher-commons-2.1.4.jar
     [loader.1] file:/C:/Program%20Files/Java/jdk1.8.0_05/jre/lib/ext/access-bridge-64.jar
     [bootstrap] C:\Program Files\Java\jdk1.8.0_05\jre\lib\jfr.jar
     [loader.0] file:/C:/Users/Alejo/Documents/4to%20Semestre/Algoritmos/Neo4j/lib/neo4j-lucene-index-2.1.4.jar
     [classpath] C:\Users\Alejo\Documents\4to Semestre\Algoritmos\Neo4j\lib\opencsv-2.0.jar
     [classpath] C:\Users\Alejo\Documents\4to Semestre\Algoritmos\Neo4j\lib\scala-library-2.10.4.jar
     [loader.1] file:/C:/Program%20Files/Java/jdk1.8.0_05/jre/lib/ext/jaccess.jar
     [classpath] C:\Users\Alejo\Documents\4to Semestre\Algoritmos\Neo4j\mas\neo4j-kernel-2.1.5-tests.jar
     [classpath] C:\Users\Alejo\Documents\4to Semestre\Algoritmos\Neo4j\lib\geronimo-jta_1.1_spec-1.1.1.jar
     [classpath] C:\Users\Alejo\Documents\4to Semestre\Algoritmos\Neo4j\lib\neo4j-graph-matching-2.1.4.jar
     [classpath] C:\Users\Alejo\Documents\4to Semestre\Algoritmos\Neo4j\lib\neo4j-cypher-compiler-1.9-2.0.3.jar
     [classpath] C:\Users\Alejo\Documents\4to Semestre\Algoritmos\Neo4j\lib\neo4j-udc-2.1.4.jar
     [classpath] C:\Users\Alejo\Documents\4to Semestre\Algoritmos\Neo4j\lib\neo4j-jmx-2.1.4.jar
     [loader.0] file:/C:/Users/Alejo/Documents/4to%20Semestre/Algoritmos/Neo4j/lib/neo4j-cypher-compiler-2.0-2.0.3.jar
     [loader.0] file:/C:/Users/Alejo/Documents/4to%20Semestre/Algoritmos/Neo4j/lib/server-api-2.1.4.jar
     [classpath] C:\Program Files\NetBeans 8.0\platform\modules\ext\junit-4.10.jar
     [classpath] C:\Users\Alejo\Documents\4to Semestre\Algoritmos\Neo4j\lib\concurrentlinkedhashmap-lru-1.3.1.jar
     [classpath] C:\Users\Alejo\Documents\4to Semestre\Algoritmos\Neo4j\lib\parboiled-core-1.1.6.jar
     [loader.0] file:/C:/Users/Alejo/Documents/4to%20Semestre/Algoritmos/Neo4j/lib/neo4j-graph-matching-2.1.4.jar
     [loader.0] file:/C:/Users/Alejo/Documents/4to%20Semestre/Algoritmos/Neo4j/lib/scala-library-2.10.4.jar
     [loader.0] file:/C:/Users/Alejo/Documents/4to%20Semestre/Algoritmos/Neo4j/lib/opencsv-2.0.jar
     [loader.0] file:/C:/Users/Alejo/Documents/4to%20Semestre/Algoritmos/Neo4j/lib/neo4j-kernel-2.1.4.jar
     [loader.1] file:/C:/Program%20Files/Java/jdk1.8.0_05/jre/lib/ext/nashorn.jar
     [loader.0] file:/C:/Users/Alejo/Documents/4to%20Semestre/Algoritmos/Neo4j/lib/neo4j-cypher-2.1.4.jar
     [classpath] C:\Users\Alejo\Documents\4to Semestre\Algoritmos\Neo4j\lib\lucene-core-3.6.2.jar
     [loader.0] file:/C:/Users/Alejo/Documents/4to%20Semestre/Algoritmos/Neo4j/lib/geronimo-jta_1.1_spec-1.1.1.jar
     [loader.0] file:/C:/Users/Alejo/Documents/4to%20Semestre/Algoritmos/Neo4j/lib/neo4j-shell-2.1.4.jar
2014-11-08 20:00:02.202+0000 INFO  [org.neo4j]: Library path:
    C:\Program Files\Java\jdk1.8.0_05\bin
    C:\WINDOWS\Sun\Java\bin
    C:\WINDOWS\System32
    C:\WINDOWS
    C:\Program Files (x86)\NVIDIA Corporation\PhysX\Common
    C:\ProgramData\Oracle\Java\javapath
    C:\Program Files (x86)\Intel\iCLS Client
    C:\Program Files\Intel\iCLS Client
    C:\Program Files\Broadcom\Broadcom 802.11 Network Adapter\Driver
    C:\Users\Alejo\Documents\4to Semestre\Algoritmos\PROYECTO2\Proyecto 2
    C:\WINDOWS\System32
    C:\WINDOWS
    C:\WINDOWS\System32\wbem
    C:\WINDOWS\System32\WindowsPowerShell\v1.0
    C:\Program Files\WIDCOMM\Bluetooth Software
    C:\Program Files\WIDCOMM\Bluetooth Software\syswow64
    C:\Program Files\Intel\Intel(R) Management Engine Components\DAL
    C:\Program Files\Intel\Intel(R) Management Engine Components\IPT
    C:\Program Files (x86)\Intel\Intel(R) Management Engine Components\DAL
    C:\Program Files (x86)\Intel\Intel(R) Management Engine Components\IPT
    C:\yagarto-20121222\bin
    C:\yagarto-tools-20121018\bin
    C:\Python34
    C:\Python34\Scripts
    C:\Program Files (x86)\Java\jdk1.8.0_05\bin
    C:\Users\Alejo\Documents\4to Semestre\Algoritmos\PROYECTO2\Proyecto 2
2014-11-08 20:00:02.211+0000 INFO  [org.neo4j]: System.properties:
    sun.boot.library.path = C:\Program Files\Java\jdk1.8.0_05\jre\bin
    user.country.format = GT
    path.separator = ;
    file.encoding.pkg = sun.io
    user.country = US
    user.script = 
    sun.java.launcher = SUN_STANDARD
    sun.os.patch.level = Service Pack 1
    user.dir = C:\Users\Alejo\Documents\4to Semestre\Algoritmos\PROYECTO2\Proyecto 2
    user.variant = 
    sun.jnu.encoding = Cp1252
    sun.management.compiler = HotSpot 64-Bit Tiered Compilers
    user.home = C:\Users\Alejo
    user.timezone = America/Regina
    file.encoding = UTF-8
    user.name = Alejo
    sun.java.command = CalculateShortestPath
    sun.arch.data.model = 64
    user.language = en
    user.language.format = es
    awt.toolkit = sun.awt.windows.WToolkit
    file.separator = \
    sun.io.unicode.encoding = UnicodeLittle
    sun.cpu.endian = little
    sun.desktop = windows
    sun.cpu.isalist = amd64
2014-11-08 20:00:02.212+0000 INFO  [org.neo4j]: Network information:
    Interface Software Loopback Interface 1:
        address: 127.0.0.1
        address: 0:0:0:0:0:0:0:1
    Interface WAN Miniport (SSTP):
    Interface WAN Miniport (L2TP):
    Interface WAN Miniport (PPTP):
    Interface WAN Miniport (PPPOE):
    Interface WAN Miniport (IPv6):
    Interface WAN Miniport (Network Monitor):
    Interface WAN Miniport (IP):
    Interface RAS Async Adapter:
    Interface WAN Miniport (IKEv2):
    Interface Killer e2200 PCI-E Gigabit Ethernet Controller (NDIS 6.20):
        address: fe80:0:0:0:c536:e881:2710:2f4%eth3
    Interface Bluetooth Device (RFCOMM Protocol TDI):
    Interface Bluetooth Device (Personal Area Network):
        address: fe80:0:0:0:1de6:9857:2527:ba5c%eth4
    Interface Broadcom 802.11ac Network Adapter:
        address: 192.168.1.143
        address: fe80:0:0:0:6d89:665:519b:d925%wlan0
    Interface Microsoft Virtual WiFi Miniport Adapter:
    Interface Microsoft Virtual WiFi Miniport Adapter:
    Interface Microsoft Virtual WiFi Miniport Adapter:
        address: fe80:0:0:0:7c86:e149:e2:4c53%wlan3
    Interface Teredo Tunneling Pseudo-Interface:
    Interface Teredo Tunneling Pseudo-Interface:
    Interface Killer e2200 PCI-E Gigabit Ethernet Controller (NDIS 6.20)-QoS Packet Scheduler-0000:
    Interface Killer e2200 PCI-E Gigabit Ethernet Controller (NDIS 6.20)-WFP LightWeight Filter-0000:
    Interface Broadcom 802.11ac Network Adapter-Virtual WiFi Filter Driver-0000:
    Interface Broadcom 802.11ac Network Adapter-QoS Packet Scheduler-0000:
    Interface WAN Miniport (Network Monitor)-QoS Packet Scheduler-0000:
    Interface WAN Miniport (IP)-QoS Packet Scheduler-0000:
    Interface WAN Miniport (IPv6)-QoS Packet Scheduler-0000:
    Interface Broadcom 802.11ac Network Adapter-Native WiFi Filter Driver-0000:
    Interface Broadcom 802.11ac Network Adapter-WFP LightWeight Filter-0000:
    Interface Microsoft Virtual WiFi Miniport Adapter-Native WiFi Filter Driver-0000:
    Interface Microsoft Virtual WiFi Miniport Adapter-QoS Packet Scheduler-0000:
    Interface Microsoft Virtual WiFi Miniport Adapter-WFP LightWeight Filter-0000:
2014-11-08 20:00:02.335+0000 INFO  [org.neo4j]: --- INITIALIZED diagnostics END ---
2014-11-08 20:00:02.591+0000 INFO  [org.neo4j]: Creating new db @ neo4j-shortest-path\neostore
2014-11-08 20:00:04.003+0000 INFO  [org.neo4j]: [neo4j-shortest-path\neostore.relationshiptypestore.db.names] brickCount=0 brickSize=0b mappedMem=0b (storeSize=38b)
2014-11-08 20:00:04.007+0000 INFO  [org.neo4j]: [neo4j-shortest-path\neostore.relationshiptypestore.db] brickCount=0 brickSize=0b mappedMem=0b (storeSize=0b)
2014-11-08 20:00:04.030+0000 INFO  [org.neo4j]: neo4j-shortest-path\neostore.relationshiptypestore.db.names hit=0 miss=0 switches=0 ooe=0
2014-11-08 20:00:04.101+0000 INFO  [org.neo4j]: neo4j-shortest-path\neostore.relationshiptypestore.db hit=0 miss=0 switches=0 ooe=0
2014-11-08 20:00:04.316+0000 INFO  [org.neo4j]: [neo4j-shortest-path\neostore.labeltokenstore.db.names] brickCount=0 brickSize=0b mappedMem=0b (storeSize=38b)
2014-11-08 20:00:04.319+0000 INFO  [org.neo4j]: [neo4j-shortest-path\neostore.labeltokenstore.db] brickCount=0 brickSize=0b mappedMem=0b (storeSize=0b)
2014-11-08 20:00:04.346+0000 INFO  [org.neo4j]: neo4j-shortest-path\neostore.labeltokenstore.db.names hit=0 miss=0 switches=0 ooe=0
2014-11-08 20:00:04.426+0000 INFO  [org.neo4j]: neo4j-shortest-path\neostore.labeltokenstore.db hit=0 miss=0 switches=0 ooe=0
2014-11-08 20:00:04.699+0000 INFO  [org.neo4j]: [neo4j-shortest-path\neostore.relationshiptypestore.db.names] brickCount=0 brickSize=0b mappedMem=0b (storeSize=38b)
2014-11-08 20:00:04.701+0000 INFO  [org.neo4j]: [neo4j-shortest-path\neostore.relationshiptypestore.db] brickCount=0 brickSize=0b mappedMem=0b (storeSize=0b)
2014-11-08 20:00:04.703+0000 INFO  [org.neo4j]: [neo4j-shortest-path\neostore.labeltokenstore.db.names] brickCount=0 brickSize=0b mappedMem=0b (storeSize=38b)
2014-11-08 20:00:04.704+0000 INFO  [org.neo4j]: [neo4j-shortest-path\neostore.labeltokenstore.db] brickCount=0 brickSize=0b mappedMem=0b (storeSize=0b)
2014-11-08 20:00:04.706+0000 INFO  [org.neo4j]: [neo4j-shortest-path\neostore.propertystore.db.strings] brickCount=0 brickSize=197120b mappedMem=197132288b (storeSize=128b)
2014-11-08 20:00:04.708+0000 INFO  [org.neo4j]: [neo4j-shortest-path\neostore.propertystore.db.index.keys] brickCount=0 brickSize=0b mappedMem=0b (storeSize=38b)
2014-11-08 20:00:04.710+0000 INFO  [org.neo4j]: [neo4j-shortest-path\neostore.propertystore.db.index] brickCount=0 brickSize=0b mappedMem=0b (storeSize=0b)
2014-11-08 20:00:04.712+0000 INFO  [org.neo4j]: [neo4j-shortest-path\neostore.propertystore.db.arrays] brickCount=0 brickSize=223232b mappedMem=223346688b (storeSize=128b)
2014-11-08 20:00:04.720+0000 INFO  [org.neo4j]: [neo4j-shortest-path\neostore.propertystore.db] brickCount=0 brickSize=2317320b mappedMem=231735296b (storeSize=0b)
2014-11-08 20:00:04.727+0000 INFO  [org.neo4j]: [neo4j-shortest-path\neostore.relationshipstore.db] brickCount=0 brickSize=2841618b mappedMem=284164096b (storeSize=0b)
2014-11-08 20:00:04.729+0000 INFO  [org.neo4j]: [neo4j-shortest-path\neostore.nodestore.db.labels] brickCount=0 brickSize=0b mappedMem=0b (storeSize=68b)
2014-11-08 20:00:04.735+0000 INFO  [org.neo4j]: [neo4j-shortest-path\neostore.nodestore.db] brickCount=0 brickSize=639630b mappedMem=63963136b (storeSize=0b)
2014-11-08 20:00:04.737+0000 INFO  [org.neo4j]: [neo4j-shortest-path\neostore.schemastore.db] brickCount=0 brickSize=0b mappedMem=0b (storeSize=64b)
2014-11-08 20:00:04.745+0000 INFO  [org.neo4j]: [neo4j-shortest-path\neostore.relationshipgroupstore.db] brickCount=0 brickSize=0b mappedMem=0b (storeSize=25b)
2014-11-08 20:00:04.748+0000 INFO  [org.neo4j]: [neo4j-shortest-path\neostore] brickCount=0 brickSize=0b mappedMem=0b (storeSize=0b)
2014-11-08 20:00:04.789+0000 INFO  [org.neo4j]: neo4j-shortest-path\neostore.relationshiptypestore.db.names hit=0 miss=0 switches=0 ooe=0
2014-11-08 20:00:04.889+0000 INFO  [org.neo4j]: neo4j-shortest-path\neostore.relationshiptypestore.db hit=0 miss=0 switches=0 ooe=0
2014-11-08 20:00:04.984+0000 INFO  [org.neo4j]: neo4j-shortest-path\neostore.labeltokenstore.db.names hit=0 miss=0 switches=0 ooe=0
2014-11-08 20:00:05.059+0000 INFO  [org.neo4j]: neo4j-shortest-path\neostore.labeltokenstore.db hit=0 miss=0 switches=0 ooe=0
2014-11-08 20:00:05.151+0000 INFO  [org.neo4j]: neo4j-shortest-path\neostore.propertystore.db.strings hit=0 miss=0 switches=0 ooe=0
2014-11-08 20:00:05.388+0000 INFO  [org.neo4j]: neo4j-shortest-path\neostore.propertystore.db.index.keys hit=0 miss=0 switches=0 ooe=0
2014-11-08 20:00:05.467+0000 INFO  [org.neo4j]: neo4j-shortest-path\neostore.propertystore.db.index hit=0 miss=0 switches=0 ooe=0
2014-11-08 20:00:05.551+0000 INFO  [org.neo4j]: neo4j-shortest-path\neostore.propertystore.db.arrays hit=0 miss=0 switches=0 ooe=0
2014-11-08 20:00:05.626+0000 INFO  [org.neo4j]: neo4j-shortest-path\neostore.propertystore.db hit=0 miss=0 switches=0 ooe=0
2014-11-08 20:00:05.701+0000 INFO  [org.neo4j]: neo4j-shortest-path\neostore.relationshipstore.db hit=0 miss=0 switches=0 ooe=0
2014-11-08 20:00:05.784+0000 INFO  [org.neo4j]: neo4j-shortest-path\neostore.nodestore.db.labels hit=0 miss=0 switches=0 ooe=0
2014-11-08 20:00:05.867+0000 INFO  [org.neo4j]: neo4j-shortest-path\neostore.nodestore.db hit=0 miss=0 switches=0 ooe=0
2014-11-08 20:00:05.984+0000 INFO  [org.neo4j]: neo4j-shortest-path\neostore.schemastore.db hit=0 miss=0 switches=0 ooe=0
2014-11-08 20:00:06.068+0000 INFO  [org.neo4j]: neo4j-shortest-path\neostore.relationshipgroupstore.db hit=0 miss=0 switches=0 ooe=0
2014-11-08 20:00:06.157+0000 INFO  [org.neo4j]: neo4j-shortest-path\neostore hit=0 miss=10 switches=0 ooe=0
2014-11-08 20:00:06.240+0000 INFO  [org.neo4j]: [neo4j-shortest-path\neostore.relationshiptypestore.db.names] brickCount=0 brickSize=0b mappedMem=0b (storeSize=38b)
2014-11-08 20:00:06.242+0000 INFO  [org.neo4j]: [neo4j-shortest-path\neostore.relationshiptypestore.db] brickCount=0 brickSize=0b mappedMem=0b (storeSize=0b)
2014-11-08 20:00:06.246+0000 INFO  [org.neo4j]: [neo4j-shortest-path\neostore.labeltokenstore.db.names] brickCount=0 brickSize=0b mappedMem=0b (storeSize=38b)
2014-11-08 20:00:06.249+0000 INFO  [org.neo4j]: [neo4j-shortest-path\neostore.labeltokenstore.db] brickCount=0 brickSize=0b mappedMem=0b (storeSize=0b)
2014-11-08 20:00:06.251+0000 INFO  [org.neo4j]: [neo4j-shortest-path\neostore.propertystore.db.strings] brickCount=0 brickSize=197120b mappedMem=197132288b (storeSize=128b)
2014-11-08 20:00:06.253+0000 INFO  [org.neo4j]: [neo4j-shortest-path\neostore.propertystore.db.index.keys] brickCount=0 brickSize=0b mappedMem=0b (storeSize=38b)
2014-11-08 20:00:06.256+0000 INFO  [org.neo4j]: [neo4j-shortest-path\neostore.propertystore.db.index] brickCount=0 brickSize=0b mappedMem=0b (storeSize=0b)
2014-11-08 20:00:06.258+0000 INFO  [org.neo4j]: [neo4j-shortest-path\neostore.propertystore.db.arrays] brickCount=0 brickSize=223232b mappedMem=223346688b (storeSize=128b)
2014-11-08 20:00:06.265+0000 INFO  [org.neo4j]: [neo4j-shortest-path\neostore.propertystore.db] brickCount=0 brickSize=2317320b mappedMem=231735296b (storeSize=0b)
2014-11-08 20:00:06.267+0000 INFO  [org.neo4j]: [neo4j-shortest-path\neostore.relationshipstore.db] brickCount=0 brickSize=2841618b mappedMem=284164096b (storeSize=0b)
2014-11-08 20:00:06.269+0000 INFO  [org.neo4j]: [neo4j-shortest-path\neostore.nodestore.db.labels] brickCount=0 brickSize=0b mappedMem=0b (storeSize=68b)
2014-11-08 20:00:06.273+0000 INFO  [org.neo4j]: [neo4j-shortest-path\neostore.nodestore.db] brickCount=0 brickSize=639630b mappedMem=63963136b (storeSize=0b)
2014-11-08 20:00:06.275+0000 INFO  [org.neo4j]: [neo4j-shortest-path\neostore.schemastore.db] brickCount=0 brickSize=0b mappedMem=0b (storeSize=64b)
2014-11-08 20:00:06.282+0000 INFO  [org.neo4j]: [neo4j-shortest-path\neostore.relationshipgroupstore.db] brickCount=0 brickSize=0b mappedMem=0b (storeSize=25b)
2014-11-08 20:00:06.292+0000 INFO  [org.neo4j]: [neo4j-shortest-path\neostore] brickCount=0 brickSize=0b mappedMem=0b (storeSize=81b)
2014-11-08 20:00:06.477+0000 INFO  [org.neo4j]: No lucene scan store index found, this might just be first use. Preparing to rebuild.
2014-11-08 20:00:06.532+0000 INFO  [org.neo4j]: No lucene scan store index found, this might just be first use. Preparing to rebuild.
2014-11-08 20:00:06.748+0000 INFO  [org.neo4j]: Opened logical log [neo4j-shortest-path\nioneo_logical.log.1] version=0, lastTxId=1 (clean)
2014-11-08 20:00:06.814+0000 INFO  [org.neo4j]: Rebuilding lucene scan store, this may take a while
2014-11-08 20:00:06.824+0000 INFO  [org.neo4j]: Lucene scan store rebuilt (roughly -1 nodes)
2014-11-08 20:00:06.831+0000 INFO  [org.neo4j]: TM new log: tm_tx_log.1
2014-11-08 20:00:06.874+0000 INFO  [org.neo4j]: Kernel health set to OK
2014-11-08 20:00:06.901+0000 INFO  [org.neo4j]: Opened logical log [neo4j-shortest-path\index\lucene.log.1] version=0, lastTxId=1 (clean)
2014-11-08 20:00:06.947+0000 INFO  [org.neo4j]: --- STARTED diagnostics for KernelDiagnostics:Versions START ---
2014-11-08 20:00:06.947+0000 INFO  [org.neo4j]: Graph Database: org.neo4j.kernel.EmbeddedGraphDatabase StoreId{creationTime=1415476802609, randomId=-751175523551884683, storeVersion=14406081294923270, upgradeTime=1415476802609, upgradeId=-751175523551884683}
2014-11-08 20:00:06.948+0000 INFO  [org.neo4j]: Kernel version: Neo4j - Graph Database Kernel (neo4j-kernel), version: 2.1.4
2014-11-08 20:00:06.948+0000 INFO  [org.neo4j]: Neo4j component versions:
2014-11-08 20:00:06.959+0000 INFO  [org.neo4j]:   Neo4j - Cypher Compiler 1.9 (neo4j-cypher-compiler-1.9), version: 2.0.3; revision: 2.0.3:2.0-maint:72/307c563c11b75fdc71cfa6df05daf9b08d6c37dc
2014-11-08 20:00:06.959+0000 INFO  [org.neo4j]:   Neo4j - Cypher Commons (neo4j-cypher-commons), version: 2.1.4; revision: 2.1.4:2.1-maint:472/9e3b31ae01b01caaaa433d8843b81d7c355e8f69
2014-11-08 20:00:06.960+0000 INFO  [org.neo4j]:   neo4j-udc, version: 2.1.4; revision: 2.1.4:2.1-maint:472/9e3b31ae01b01caaaa433d8843b81d7c355e8f69
2014-11-08 20:00:06.960+0000 INFO  [org.neo4j]:   Neo4j Server API (server-api), version: 2.1.4; revision: 2.1.4:2.1-maint:472/9e3b31ae01b01caaaa433d8843b81d7c355e8f69
2014-11-08 20:00:06.960+0000 INFO  [org.neo4j]:   Neo4j - Lucene Index (neo4j-lucene-index), version: 2.1.4; revision: 2.1.4:2.1-maint:472/9e3b31ae01b01caaaa433d8843b81d7c355e8f69
2014-11-08 20:00:06.960+0000 INFO  [org.neo4j]:   Neo4j - Cypher Compiler 2.0 (neo4j-cypher-compiler-2.0), version: 2.0.3; revision: 2.0.3:2.0-maint:72/307c563c11b75fdc71cfa6df05daf9b08d6c37dc
2014-11-08 20:00:06.960+0000 INFO  [org.neo4j]:   Neo4j - Graph Matching (neo4j-graph-matching), version: 2.1.4; revision: 2.1.4:2.1-maint:472/9e3b31ae01b01caaaa433d8843b81d7c355e8f69
2014-11-08 20:00:06.961+0000 INFO  [org.neo4j]:   Neo4j - Graph Database Kernel (neo4j-kernel), version: 2.1.4; revision: 2.1.4:2.1-maint:472/9e3b31ae01b01caaaa433d8843b81d7c355e8f69
2014-11-08 20:00:06.961+0000 INFO  [org.neo4j]:   Neo4j - JMX support (neo4j-jmx), version: 2.1.4; revision: 2.1.4:2.1-maint:472/9e3b31ae01b01caaaa433d8843b81d7c355e8f69
2014-11-08 20:00:06.961+0000 INFO  [org.neo4j]:   Neo4j - Cypher (neo4j-cypher), version: 2.1.4; revision: 2.1.4:2.1-maint:472/9e3b31ae01b01caaaa433d8843b81d7c355e8f69
2014-11-08 20:00:06.961+0000 INFO  [org.neo4j]:   Neo4j - Generic shell (neo4j-shell), version: 2.1.4; revision: 2.1.4:2.1-maint:472/9e3b31ae01b01caaaa433d8843b81d7c355e8f69
2014-11-08 20:00:06.961+0000 INFO  [org.neo4j]:   Neo4j - Graph Algorithms (neo4j-graph-algo), version: 2.1.4; revision: 2.1.4:2.1-maint:472/9e3b31ae01b01caaaa433d8843b81d7c355e8f69
2014-11-08 20:00:06.962+0000 INFO  [org.neo4j]: --- STARTED diagnostics for KernelDiagnostics:Versions END ---
2014-11-08 20:00:06.966+0000 INFO  [org.neo4j]: --- STARTED diagnostics for NEO_STORE_VERSIONS START ---
2014-11-08 20:00:06.968+0000 INFO  [org.neo4j]: Store versions:
    Store versions:
      NeoStore v0.A.3
      SchemaStore v0.A.3
      NodeStore v0.A.3
      RelationshipStore v0.A.3
      RelationshipTypeStore v0.A.3
      LabelTokenStore v0.A.3
      PropertyStore v0.A.3
      PropertyIndexStore v0.A.3
      StringPropertyStore v0.A.3
      ArrayPropertyStore v0.A.3
      RelationshipGroupStore v0.A.3
2014-11-08 20:00:06.968+0000 INFO  [org.neo4j]: --- STARTED diagnostics for NEO_STORE_VERSIONS END ---
2014-11-08 20:00:06.968+0000 INFO  [org.neo4j]: --- STARTED diagnostics for NEO_STORE_ID_USAGE START ---
2014-11-08 20:00:06.969+0000 INFO  [org.neo4j]: Id usage:
    Id usage:
      SchemaStore: used=1 high=0
      NodeStore: used=0 high=-1
      RelationshipStore: used=0 high=-1
      RelationshipTypeStore: used=0 high=-1
      LabelTokenStore: used=0 high=-1
      PropertyStore: used=0 high=-1
      PropertyIndexStore: used=0 high=-1
      StringPropertyStore: used=1 high=0
      ArrayPropertyStore: used=1 high=0
      RelationshipGroupStore: used=1 high=0
2014-11-08 20:00:06.972+0000 INFO  [org.neo4j]: --- STARTED diagnostics for NEO_STORE_ID_USAGE END ---
2014-11-08 20:00:06.972+0000 INFO  [org.neo4j]: --- STARTED diagnostics for PERSISTENCE_WINDOW_POOL_STATS START ---
2014-11-08 20:00:06.972+0000 INFO  [org.neo4j]: --- STARTED diagnostics for PERSISTENCE_WINDOW_POOL_STATS END ---
2014-11-08 20:00:06.973+0000 INFO  [org.neo4j]: --- STARTED diagnostics for KernelDiagnostics:StoreFiles START ---
2014-11-08 20:00:06.978+0000 INFO  [org.neo4j]: Disk space on partition (Total / Free / Free %): 739163238400 / 480255340544 / 64
Storage files: (filename : modification date - size)
      active_tx_log: 2014-11-08T14:00:06-0600 - 11.00 B
      index:
        lucene-store.db: 2014-11-08T14:00:06-0600 - 40.00 B
        lucene.log.1: 2014-11-08T14:00:06-0600 - 16.00 B
        lucene.log.active: 2014-11-08T14:00:06-0600 - 4.00 B
      - Total: 2014-11-08T14:00:06-0600 - 60.00 B
      lock: 2014-11-08T14:00:02-0600 - 0.00 B
      messages.log: 2014-11-08T14:00:01-0600 - 27.16 kB
      neostore: 2014-11-08T14:00:06-0600 - 81.00 B
      neostore.id: 2014-11-08T14:00:06-0600 - 9.00 B
      neostore.labeltokenstore.db: 2014-11-08T14:00:06-0600 - 0.00 B
      neostore.labeltokenstore.db.id: 2014-11-08T14:00:05-0600 - 9.00 B
      neostore.labeltokenstore.db.names: 2014-11-08T14:00:06-0600 - 38.00 B
      neostore.labeltokenstore.db.names.id: 2014-11-08T14:00:05-0600 - 9.00 B
      neostore.nodestore.db: 2014-11-08T14:00:06-0600 - 0.00 B
      neostore.nodestore.db.id: 2014-11-08T14:00:05-0600 - 9.00 B
      neostore.nodestore.db.labels: 2014-11-08T14:00:06-0600 - 68.00 B
      neostore.nodestore.db.labels.id: 2014-11-08T14:00:05-0600 - 9.00 B
      neostore.propertystore.db: 2014-11-08T14:00:06-0600 - 0.00 B
      neostore.propertystore.db.arrays: 2014-11-08T14:00:06-0600 - 128.00 B
      neostore.propertystore.db.arrays.id: 2014-11-08T14:00:05-0600 - 9.00 B
      neostore.propertystore.db.id: 2014-11-08T14:00:05-0600 - 9.00 B
      neostore.propertystore.db.index: 2014-11-08T14:00:06-0600 - 0.00 B
      neostore.propertystore.db.index.id: 2014-11-08T14:00:05-0600 - 9.00 B
      neostore.propertystore.db.index.keys: 2014-11-08T14:00:06-0600 - 38.00 B
      neostore.propertystore.db.index.keys.id: 2014-11-08T14:00:05-0600 - 9.00 B
      neostore.propertystore.db.strings: 2014-11-08T14:00:06-0600 - 128.00 B
      neostore.propertystore.db.strings.id: 2014-11-08T14:00:05-0600 - 9.00 B
      neostore.relationshipgroupstore.db: 2014-11-08T14:00:06-0600 - 25.00 B
      neostore.relationshipgroupstore.db.id: 2014-11-08T14:00:06-0600 - 9.00 B
      neostore.relationshipstore.db: 2014-11-08T14:00:06-0600 - 0.00 B
      neostore.relationshipstore.db.id: 2014-11-08T14:00:05-0600 - 9.00 B
      neostore.relationshiptypestore.db: 2014-11-08T14:00:06-0600 - 0.00 B
      neostore.relationshiptypestore.db.id: 2014-11-08T14:00:04-0600 - 9.00 B
      neostore.relationshiptypestore.db.names: 2014-11-08T14:00:06-0600 - 38.00 B
      neostore.relationshiptypestore.db.names.id: 2014-11-08T14:00:04-0600 - 9.00 B
      neostore.schemastore.db: 2014-11-08T14:00:06-0600 - 64.00 B
      neostore.schemastore.db.id: 2014-11-08T14:00:06-0600 - 9.00 B
      nioneo_logical.log.1: 2014-11-08T14:00:06-0600 - 16.00 B
      nioneo_logical.log.active: 2014-11-08T14:00:06-0600 - 4.00 B
      schema:
        label:
          lucene:
            write.lock: 2014-11-08T14:00:06-0600 - 0.00 B
          - Total: 2014-11-08T14:00:06-0600 - 0.00 B
        - Total: 2014-11-08T14:00:06-0600 - 0.00 B
      - Total: 2014-11-08T14:00:06-0600 - 0.00 B
      store_lock: 2014-11-08T14:00:02-0600 - 0.00 B
      tm_tx_log.1: 2014-11-08T14:00:06-0600 - 0.00 B
